<?xml version="1.0" encoding="UTF-8"?>
<coverage generated="1707138061376" clover="3.2.0">
  <project timestamp="1707138061376" name="All files">
    <metrics statements="3" coveredstatements="3" conditionals="0" coveredconditionals="0" methods="4" coveredmethods="4" elements="7" coveredelements="7" complexity="0" loc="3" ncloc="3" packages="1" files="1" classes="1"/>
    <file name="Avatar.ts" path="/Users/tatianaespinosa/Documents/Tutorial 1/src/avatar/domain/Avatar.ts">
      <metrics statements="3" coveredstatements="3" conditionals="0" coveredconditionals="0" methods="4" coveredmethods="4"/>
      <line num="1" count="1" type="stmt"/>
      <line num="7" count="2" type="stmt"/>
      <line num="13" count="4" type="stmt"/>
    </file>
  </project>
</coverage>
