{"/Users/tatianaespinosa/Documents/Tutorial 1/src/avatar/domain/Avatar.ts": {"path":"/Users/tatianaespinosa/Documents/Tutorial 1/src/avatar/domain/Avatar.ts","statementMap":{"0":{"start":{"line":7,"column":4},"end":{"line":7,"column":32}},"1":{"start":{"line":13,"column":4},"end":{"line":13,"column":35}},"2":{"start":{"line":13,"column":52},"end":{"line":13,"column":78}},"3":{"start":{"line":13,"column":95},"end":{"line":13,"column":121}},"4":{"start":{"line":1,"column":0},"end":{"line":1,"column":13}}},"fnMap":{"0":{"name":"(anonymous_0)","decl":{"start":{"line":5,"column":4},"end":{"line":5,"column":null}},"loc":{"start":{"line":5,"column":4},"end":{"line":9,"column":5}}},"1":{"name":"(anonymous_1)","decl":{"start":{"line":11,"column":4},"end":{"line":11,"column":25}},"loc":{"start":{"line":11,"column":25},"end":{"line":13,"column":37}}},"2":{"name":"(anonymous_2)","decl":{"start":{"line":13,"column":38},"end":{"line":13,"column":46}},"loc":{"start":{"line":13,"column":46},"end":{"line":13,"column":80}}},"3":{"name":"(anonymous_3)","decl":{"start":{"line":13,"column":81},"end":{"line":13,"column":90}},"loc":{"start":{"line":13,"column":90},"end":{"line":13,"column":123}}}},"branchMap":{},"s":{"0":2,"1":4,"2":1,"3":1,"4":1},"f":{"0":2,"1":4,"2":1,"3":1},"b":{}}
}
